[2025-07-16 10:51:12] 开始监控检查...
[2025-07-16 10:51:12] 服务运行正常
[2025-07-16 10:52:12] 开始监控检查...
[2025-07-16 10:52:12] 服务运行正常
[2025-07-16 10:53:12] 开始监控检查...
[2025-07-16 10:53:13] 服务运行正常
[2025-07-16 10:54:13] 开始监控检查...
[2025-07-16 10:54:13] 服务运行正常
[2025-07-16 10:55:13] 开始监控检查...
[2025-07-16 10:55:13] 服务运行正常
[2025-07-16 10:56:13] 开始监控检查...
[2025-07-16 10:56:13] 服务运行正常
[2025-07-16 10:57:14] 开始监控检查...
[2025-07-16 10:57:14] 服务运行正常
[2025-07-16 10:58:14] 开始监控检查...
[2025-07-16 10:58:14] Docker服务状态异常，尝试重启...
[2025-07-16 10:58:14] 正在重启服务...
[2025-07-16 10:58:50] 服务重启成功
[2025-07-16 10:59:50] 开始监控检查...
[2025-07-16 10:59:50] 服务运行正常
[2025-07-16 11:00:50] 开始监控检查...
[2025-07-16 11:00:50] 服务运行正常
[2025-07-16 11:01:50] 开始监控检查...
[2025-07-16 11:01:50] 服务运行正常
[2025-07-16 11:02:50] 开始监控检查...
[2025-07-16 11:02:51] 服务运行正常
[2025-07-16 11:03:51] 开始监控检查...
[2025-07-16 11:03:51] 服务运行正常
[2025-07-16 11:04:51] 开始监控检查...
[2025-07-16 11:04:51] Docker服务状态异常，尝试重启...
[2025-07-16 11:04:51] 正在重启服务...
[2025-07-16 11:05:27] 服务重启成功
[2025-07-16 11:06:27] 开始监控检查...
[2025-07-16 11:06:27] 服务运行正常
[2025-07-16 11:07:27] 开始监控检查...
[2025-07-16 11:07:27] 服务运行正常
[2025-07-16 11:08:27] 开始监控检查...
[2025-07-16 11:08:27] 服务运行正常
[2025-07-16 11:09:28] 开始监控检查...
[2025-07-16 11:09:28] 服务运行正常
[2025-07-16 11:10:28] 开始监控检查...
[2025-07-16 11:10:28] 服务运行正常
[2025-07-16 11:11:28] 开始监控检查...
[2025-07-16 11:11:28] 服务运行正常
[2025-07-16 11:12:28] 开始监控检查...
[2025-07-16 11:12:29] 服务运行正常
[2025-07-16 11:13:29] 开始监控检查...
[2025-07-16 11:13:29] 服务运行正常
[2025-07-16 11:14:29] 开始监控检查...
[2025-07-16 11:14:29] 服务运行正常
[2025-07-16 11:15:29] 开始监控检查...
[2025-07-16 11:15:30] 服务运行正常
[2025-07-16 11:16:30] 开始监控检查...
[2025-07-16 11:16:30] Docker服务状态异常，尝试重启...
[2025-07-16 11:16:30] 正在重启服务...
[2025-07-16 11:17:06] 服务重启成功
[2025-07-16 11:18:06] 开始监控检查...
[2025-07-16 11:18:06] 服务运行正常
[2025-07-16 11:19:06] 开始监控检查...
[2025-07-16 11:19:06] 服务运行正常
[2025-07-16 11:20:06] 开始监控检查...
[2025-07-16 11:20:07] 服务运行正常
[2025-07-16 11:21:07] 开始监控检查...
[2025-07-16 11:21:07] 服务运行正常
[2025-07-16 11:22:07] 开始监控检查...
[2025-07-16 11:22:07] 服务运行正常
[2025-07-16 11:23:07] 开始监控检查...
[2025-07-16 11:23:08] 服务运行正常
[2025-07-16 11:24:08] 开始监控检查...
[2025-07-16 11:24:08] 服务运行正常
[2025-07-16 11:25:08] 开始监控检查...
[2025-07-16 11:25:08] 服务运行正常
[2025-07-16 11:26:08] 开始监控检查...
[2025-07-16 11:26:09] 服务运行正常
[2025-07-16 11:27:09] 开始监控检查...
[2025-07-16 11:27:09] 服务运行正常
[2025-07-16 11:28:09] 开始监控检查...
[2025-07-16 11:28:09] 服务运行正常
[2025-07-16 11:29:09] 开始监控检查...
[2025-07-16 11:29:10] 服务运行正常
[2025-07-16 11:30:10] 开始监控检查...
[2025-07-16 11:30:10] Docker服务状态异常，尝试重启...
[2025-07-16 11:30:10] 正在重启服务...
[2025-07-16 11:30:45] 服务重启成功
[2025-07-16 11:31:45] 开始监控检查...
[2025-07-16 11:31:46] 服务运行正常
[2025-07-16 11:32:46] 开始监控检查...
[2025-07-16 11:32:46] 服务运行正常
[2025-07-16 11:33:46] 开始监控检查...
[2025-07-16 11:33:46] 服务运行正常
[2025-07-16 11:34:46] 开始监控检查...
[2025-07-16 11:34:46] 服务运行正常
[2025-07-16 11:35:46] 开始监控检查...
[2025-07-16 11:35:47] 服务运行正常
[2025-07-16 11:36:47] 开始监控检查...
[2025-07-16 11:36:47] 服务运行正常
[2025-07-16 11:37:47] 开始监控检查...
[2025-07-16 11:37:47] 服务运行正常
[2025-07-16 11:38:47] 开始监控检查...
[2025-07-16 11:38:48] 服务运行正常
[2025-07-16 11:39:48] 开始监控检查...
[2025-07-16 11:39:48] 服务运行正常
[2025-07-16 11:40:48] 开始监控检查...
[2025-07-16 11:40:48] 服务运行正常
[2025-07-16 11:41:48] 开始监控检查...
[2025-07-16 11:41:49] 服务运行正常
[2025-07-16 11:42:49] 开始监控检查...
[2025-07-16 11:42:49] 服务运行正常
[2025-07-16 11:43:49] 开始监控检查...
[2025-07-16 11:43:49] 服务运行正常
[2025-07-16 11:44:49] 开始监控检查...
[2025-07-16 11:44:49] 服务运行正常
[2025-07-16 11:45:50] 开始监控检查...
[2025-07-16 11:45:50] 服务运行正常
[2025-07-16 11:46:50] 开始监控检查...
[2025-07-16 11:46:50] 服务运行正常
[2025-07-16 11:47:50] 开始监控检查...
[2025-07-16 11:47:50] 服务运行正常
[2025-07-16 11:48:50] 开始监控检查...
[2025-07-16 11:48:51] 服务运行正常
[2025-07-16 11:49:51] 开始监控检查...
[2025-07-16 11:49:51] 服务运行正常
[2025-07-16 11:50:51] 开始监控检查...
[2025-07-16 11:50:51] 服务运行正常
[2025-07-16 11:51:51] 开始监控检查...
[2025-07-16 11:51:51] 服务运行正常
[2025-07-16 11:52:51] 开始监控检查...
[2025-07-16 11:52:52] 服务运行正常
[2025-07-16 11:53:52] 开始监控检查...
[2025-07-16 11:53:52] 服务运行正常
[2025-07-16 11:54:52] 开始监控检查...
[2025-07-16 11:54:52] 服务运行正常
[2025-07-16 11:55:52] 开始监控检查...
[2025-07-16 11:55:53] 服务运行正常
[2025-07-16 11:56:53] 开始监控检查...
[2025-07-16 11:56:53] 服务运行正常
[2025-07-16 11:57:53] 开始监控检查...
[2025-07-16 11:57:53] 服务运行正常
[2025-07-16 11:58:53] 开始监控检查...
[2025-07-16 11:58:54] 服务运行正常
[2025-07-16 11:59:54] 开始监控检查...
[2025-07-16 11:59:54] 服务运行正常
[2025-07-16 12:00:54] 开始监控检查...
[2025-07-16 12:00:54] 服务运行正常
[2025-07-16 12:01:54] 开始监控检查...
[2025-07-16 12:01:55] 服务运行正常
[2025-07-16 12:02:55] 开始监控检查...
[2025-07-16 12:02:55] 服务运行正常
[2025-07-16 12:03:55] 开始监控检查...
[2025-07-16 12:03:55] 服务运行正常
[2025-07-16 12:04:55] 开始监控检查...
[2025-07-16 12:04:56] 服务运行正常
[2025-07-16 12:05:56] 开始监控检查...
[2025-07-16 12:05:56] 服务运行正常
[2025-07-16 12:06:56] 开始监控检查...
[2025-07-16 12:06:56] 服务运行正常
[2025-07-16 12:07:56] 开始监控检查...
[2025-07-16 12:07:57] 服务运行正常
[2025-07-16 12:08:57] 开始监控检查...
[2025-07-16 12:08:57] 服务运行正常
[2025-07-16 12:09:57] 开始监控检查...
[2025-07-16 12:09:57] 服务运行正常
[2025-07-16 12:10:57] 开始监控检查...
[2025-07-16 12:10:58] 服务运行正常
[2025-07-16 12:11:58] 开始监控检查...
[2025-07-16 12:11:58] 服务运行正常
[2025-07-16 12:12:58] 开始监控检查...
[2025-07-16 12:12:58] 服务运行正常
[2025-07-16 12:13:58] 开始监控检查...
[2025-07-16 12:13:59] 服务运行正常
[2025-07-16 12:14:59] 开始监控检查...
[2025-07-16 12:14:59] 服务运行正常
[2025-07-16 12:15:59] 开始监控检查...
[2025-07-16 12:15:59] 服务运行正常
[2025-07-16 12:16:59] 开始监控检查...
[2025-07-16 12:16:59] 服务运行正常
[2025-07-16 12:17:59] 开始监控检查...
[2025-07-16 12:18:00] 服务运行正常
[2025-07-16 12:19:00] 开始监控检查...
[2025-07-16 12:19:00] 服务运行正常
[2025-07-16 12:20:00] 开始监控检查...
[2025-07-16 12:20:00] 服务运行正常
[2025-07-16 12:21:00] 开始监控检查...
[2025-07-16 12:21:01] 服务运行正常
[2025-07-16 12:22:01] 开始监控检查...
[2025-07-16 12:22:01] 服务运行正常
[2025-07-16 12:23:01] 开始监控检查...
[2025-07-16 12:23:01] 服务运行正常
[2025-07-16 12:24:01] 开始监控检查...
[2025-07-16 12:24:01] 服务运行正常
[2025-07-16 12:25:01] 开始监控检查...
[2025-07-16 12:25:02] 服务运行正常
[2025-07-16 12:26:02] 开始监控检查...
[2025-07-16 12:26:02] 服务运行正常
[2025-07-16 12:27:02] 开始监控检查...
[2025-07-16 12:27:02] 服务运行正常
[2025-07-16 12:28:02] 开始监控检查...
[2025-07-16 12:28:02] 服务运行正常
[2025-07-16 12:29:02] 开始监控检查...
[2025-07-16 12:29:02] 服务运行正常
[2025-07-16 12:30:02] 开始监控检查...
[2025-07-16 12:30:02] 服务运行正常
[2025-07-16 12:31:02] 开始监控检查...
[2025-07-16 12:31:02] 服务运行正常
[2025-07-16 12:32:03] 开始监控检查...
[2025-07-16 12:32:03] 服务运行正常
[2025-07-16 12:33:03] 开始监控检查...
[2025-07-16 12:33:03] 服务运行正常
[2025-07-16 12:34:03] 开始监控检查...
[2025-07-16 12:34:03] 服务运行正常
[2025-07-16 12:35:03] 开始监控检查...
[2025-07-16 12:35:03] 服务运行正常
[2025-07-16 12:36:03] 开始监控检查...
[2025-07-16 12:36:04] 服务运行正常
[2025-07-16 12:37:04] 开始监控检查...
[2025-07-16 12:37:04] 服务运行正常
[2025-07-16 12:38:04] 开始监控检查...
[2025-07-16 12:38:04] 服务运行正常
[2025-07-16 12:39:04] 开始监控检查...
[2025-07-16 12:39:05] 服务运行正常
[2025-07-16 12:40:05] 开始监控检查...
[2025-07-16 12:40:05] 服务运行正常
[2025-07-16 12:41:05] 开始监控检查...
[2025-07-16 12:41:05] 服务运行正常
[2025-07-16 12:42:05] 开始监控检查...
[2025-07-16 12:42:05] 服务运行正常
[2025-07-16 12:43:05] 开始监控检查...
[2025-07-16 12:43:05] 服务运行正常
[2025-07-16 12:44:05] 开始监控检查...
[2025-07-16 12:44:06] 服务运行正常
[2025-07-16 12:45:06] 开始监控检查...
[2025-07-16 12:45:06] 服务运行正常
[2025-07-16 12:46:06] 开始监控检查...
[2025-07-16 12:46:06] 服务运行正常
[2025-07-16 12:47:06] 开始监控检查...
[2025-07-16 12:47:06] 服务运行正常
[2025-07-16 12:48:06] 开始监控检查...
[2025-07-16 12:48:06] 服务运行正常
[2025-07-16 12:49:06] 开始监控检查...
[2025-07-16 12:49:07] 服务运行正常
[2025-07-16 12:50:07] 开始监控检查...
[2025-07-16 12:50:07] 服务运行正常
[2025-07-16 12:51:07] 开始监控检查...
[2025-07-16 12:51:07] 服务运行正常
[2025-07-16 12:52:07] 开始监控检查...
[2025-07-16 12:52:08] 服务运行正常
[2025-07-16 12:53:08] 开始监控检查...
[2025-07-16 12:53:08] 服务运行正常
[2025-07-16 12:54:08] 开始监控检查...
[2025-07-16 12:54:08] 服务运行正常
[2025-07-16 12:55:08] 开始监控检查...
[2025-07-16 12:55:08] 服务运行正常
[2025-07-16 12:56:08] 开始监控检查...
[2025-07-16 12:56:08] 服务运行正常
[2025-07-16 12:57:08] 开始监控检查...
[2025-07-16 12:57:08] 服务运行正常
[2025-07-16 12:58:08] 开始监控检查...
[2025-07-16 12:58:09] 服务运行正常
[2025-07-16 12:59:09] 开始监控检查...
[2025-07-16 12:59:09] 服务运行正常
[2025-07-16 13:00:09] 开始监控检查...
[2025-07-16 13:00:09] 服务运行正常
[2025-07-16 13:01:09] 开始监控检查...
[2025-07-16 13:01:09] 服务运行正常
[2025-07-16 13:02:09] 开始监控检查...
[2025-07-16 13:02:09] 服务运行正常
[2025-07-16 13:03:09] 开始监控检查...
[2025-07-16 13:03:10] 服务运行正常
[2025-07-16 13:04:10] 开始监控检查...
[2025-07-16 13:04:10] 服务运行正常
[2025-07-16 13:05:10] 开始监控检查...
[2025-07-16 13:05:10] 服务运行正常
[2025-07-16 13:06:10] 开始监控检查...
[2025-07-16 13:06:10] 服务运行正常
[2025-07-16 13:07:10] 开始监控检查...
[2025-07-16 13:07:10] 服务运行正常
[2025-07-16 13:08:11] 开始监控检查...
[2025-07-16 13:08:11] 服务运行正常
[2025-07-16 13:09:11] 开始监控检查...
[2025-07-16 13:09:11] 服务运行正常
[2025-07-16 13:10:11] 开始监控检查...
[2025-07-16 13:10:11] 服务运行正常
[2025-07-16 13:11:11] 开始监控检查...
[2025-07-16 13:11:11] 服务运行正常
[2025-07-16 13:12:11] 开始监控检查...
[2025-07-16 13:12:11] 服务运行正常
[2025-07-16 13:13:11] 开始监控检查...
[2025-07-16 13:13:11] 服务运行正常
[2025-07-16 13:14:11] 开始监控检查...
[2025-07-16 13:14:12] 服务运行正常
[2025-07-16 13:15:12] 开始监控检查...
[2025-07-16 13:15:12] 服务运行正常
[2025-07-16 13:16:12] 开始监控检查...
[2025-07-16 13:16:12] 服务运行正常
[2025-07-16 13:17:12] 开始监控检查...
[2025-07-16 13:17:12] 服务运行正常
[2025-07-16 13:18:12] 开始监控检查...
[2025-07-16 13:18:12] 服务运行正常
[2025-07-16 13:19:12] 开始监控检查...
[2025-07-16 13:19:13] 服务运行正常
[2025-07-16 13:20:13] 开始监控检查...
[2025-07-16 13:20:13] 服务运行正常
[2025-07-16 13:21:13] 开始监控检查...
[2025-07-16 13:21:13] 服务运行正常
[2025-07-16 13:22:13] 开始监控检查...
[2025-07-16 13:22:13] 服务运行正常
[2025-07-16 13:23:13] 开始监控检查...
[2025-07-16 13:23:13] 服务运行正常
[2025-07-16 13:24:13] 开始监控检查...
[2025-07-16 13:24:14] 服务运行正常
[2025-07-16 13:25:14] 开始监控检查...
[2025-07-16 13:25:14] 服务运行正常
[2025-07-16 13:26:14] 开始监控检查...
[2025-07-16 13:26:14] 服务运行正常
[2025-07-16 13:27:14] 开始监控检查...
[2025-07-16 13:27:15] 服务运行正常
[2025-07-16 13:28:15] 开始监控检查...
[2025-07-16 13:28:15] 服务运行正常
[2025-07-16 13:29:15] 开始监控检查...
[2025-07-16 13:29:15] 服务运行正常
[2025-07-16 13:30:15] 开始监控检查...
[2025-07-16 13:30:16] 服务运行正常
[2025-07-16 13:31:16] 开始监控检查...
[2025-07-16 13:31:16] 服务运行正常
[2025-07-16 13:32:16] 开始监控检查...
[2025-07-16 13:32:16] 服务运行正常
[2025-07-16 13:33:16] 开始监控检查...
[2025-07-16 13:33:17] 服务运行正常
[2025-07-16 13:34:17] 开始监控检查...
[2025-07-16 13:34:17] 服务运行正常
[2025-07-16 13:35:17] 开始监控检查...
[2025-07-16 13:35:17] 服务运行正常
[2025-07-16 13:36:17] 开始监控检查...
[2025-07-16 13:36:18] 服务运行正常
[2025-07-16 13:37:18] 开始监控检查...
[2025-07-16 13:37:18] 服务运行正常
[2025-07-16 13:38:18] 开始监控检查...
[2025-07-16 13:38:18] 服务运行正常
[2025-07-16 13:39:18] 开始监控检查...
[2025-07-16 13:39:19] 服务运行正常
[2025-07-16 13:40:19] 开始监控检查...
[2025-07-16 13:40:19] 服务运行正常
[2025-07-16 13:41:19] 开始监控检查...
[2025-07-16 13:41:19] 服务运行正常
[2025-07-16 13:42:19] 开始监控检查...
[2025-07-16 13:42:20] 服务运行正常
[2025-07-16 13:43:20] 开始监控检查...
[2025-07-16 13:43:20] 服务运行正常
[2025-07-16 13:44:20] 开始监控检查...
[2025-07-16 13:44:20] 服务运行正常
[2025-07-16 13:45:20] 开始监控检查...
[2025-07-16 13:45:21] 服务运行正常
[2025-07-16 13:46:21] 开始监控检查...
[2025-07-16 13:46:21] 服务运行正常
[2025-07-16 13:47:21] 开始监控检查...
[2025-07-16 13:47:21] 服务运行正常
[2025-07-16 13:48:21] 开始监控检查...
[2025-07-16 13:48:22] 服务运行正常
[2025-07-16 13:49:22] 开始监控检查...
[2025-07-16 13:49:22] 服务运行正常
[2025-07-16 13:50:22] 开始监控检查...
[2025-07-16 13:50:22] 服务运行正常
[2025-07-16 13:51:22] 开始监控检查...
[2025-07-16 13:51:23] 服务运行正常
[2025-07-16 13:52:23] 开始监控检查...
[2025-07-16 13:52:23] 服务运行正常
[2025-07-16 13:53:23] 开始监控检查...
[2025-07-16 13:53:23] 服务运行正常
[2025-07-16 13:54:23] 开始监控检查...
[2025-07-16 13:54:24] 服务运行正常
[2025-07-16 13:55:24] 开始监控检查...
[2025-07-16 13:55:24] 服务运行正常
[2025-07-16 13:56:24] 开始监控检查...
[2025-07-16 13:56:24] 服务运行正常
[2025-07-16 13:57:24] 开始监控检查...
[2025-07-16 13:57:25] 服务运行正常
[2025-07-16 13:58:25] 开始监控检查...
[2025-07-16 13:58:25] 服务运行正常
[2025-07-16 13:59:25] 开始监控检查...
[2025-07-16 13:59:25] 服务运行正常
[2025-07-16 14:00:25] 开始监控检查...
[2025-07-16 14:00:26] 服务运行正常
[2025-07-16 14:01:26] 开始监控检查...
[2025-07-16 14:01:26] 服务运行正常
[2025-07-16 14:02:26] 开始监控检查...
[2025-07-16 14:02:26] 服务运行正常
[2025-07-16 14:03:26] 开始监控检查...
[2025-07-16 14:03:27] 服务运行正常
[2025-07-16 14:04:27] 开始监控检查...
[2025-07-16 14:04:27] 服务运行正常
[2025-07-16 14:05:27] 开始监控检查...
[2025-07-16 14:05:27] 服务运行正常
[2025-07-16 14:06:27] 开始监控检查...
[2025-07-16 14:06:28] 服务运行正常
[2025-07-16 14:07:28] 开始监控检查...
[2025-07-16 14:07:28] 服务运行正常
[2025-07-16 14:08:28] 开始监控检查...
[2025-07-16 14:08:28] 服务运行正常
[2025-07-16 14:09:28] 开始监控检查...
[2025-07-16 14:09:29] 服务运行正常
[2025-07-16 14:10:29] 开始监控检查...
[2025-07-16 14:10:29] 服务运行正常
[2025-07-16 14:11:29] 开始监控检查...
[2025-07-16 14:11:30] 服务运行正常
[2025-07-16 14:12:30] 开始监控检查...
[2025-07-16 14:12:30] 服务运行正常
[2025-07-16 14:13:30] 开始监控检查...
[2025-07-16 14:13:30] 服务运行正常
[2025-07-16 14:14:30] 开始监控检查...
[2025-07-16 14:14:31] 服务运行正常
[2025-07-16 14:15:31] 开始监控检查...
[2025-07-16 14:15:31] 服务运行正常
[2025-07-16 14:16:31] 开始监控检查...
[2025-07-16 14:16:32] 服务运行正常
[2025-07-16 14:17:32] 开始监控检查...
[2025-07-16 14:17:32] 服务运行正常
[2025-07-16 14:18:32] 开始监控检查...
[2025-07-16 14:18:32] 服务运行正常
[2025-07-16 14:19:32] 开始监控检查...
[2025-07-16 14:19:33] 服务运行正常
[2025-07-16 14:20:33] 开始监控检查...
[2025-07-16 14:20:33] 服务运行正常
[2025-07-16 14:21:33] 开始监控检查...
[2025-07-16 14:21:33] 服务运行正常
[2025-07-16 14:22:34] 开始监控检查...
[2025-07-16 14:22:34] 服务运行正常
[2025-07-16 14:23:34] 开始监控检查...
[2025-07-16 14:23:34] 服务运行正常
[2025-07-16 14:24:34] 开始监控检查...
[2025-07-16 14:24:34] 服务运行正常
[2025-07-16 14:25:34] 开始监控检查...
[2025-07-16 14:25:35] 服务运行正常
[2025-07-16 14:26:35] 开始监控检查...
[2025-07-16 14:26:35] 服务运行正常
[2025-07-16 14:27:35] 开始监控检查...
[2025-07-16 14:27:36] 服务运行正常
[2025-07-16 14:28:36] 开始监控检查...
[2025-07-16 14:28:36] 服务运行正常
[2025-07-16 14:29:36] 开始监控检查...
[2025-07-16 14:29:36] 服务运行正常
[2025-07-16 14:30:36] 开始监控检查...
[2025-07-16 14:30:37] 服务运行正常
[2025-07-16 14:31:37] 开始监控检查...
[2025-07-16 14:31:37] 服务运行正常
[2025-07-16 14:32:37] 开始监控检查...
[2025-07-16 14:32:37] 服务运行正常
[2025-07-16 14:33:37] 开始监控检查...
[2025-07-16 14:33:38] 服务运行正常
[2025-07-16 14:34:38] 开始监控检查...
[2025-07-16 14:34:38] 服务运行正常
[2025-07-16 14:35:38] 开始监控检查...
[2025-07-16 14:35:38] 服务运行正常
[2025-07-16 14:36:38] 开始监控检查...
[2025-07-16 14:36:39] 服务运行正常
[2025-07-16 14:37:39] 开始监控检查...
[2025-07-16 14:37:39] HTTP健康检查失败，尝试重启...
[2025-07-16 14:37:39] 正在重启服务...
